I, [2017-03-20T14:28:46.515108 #12589]  INFO -- : Refreshing Gem list
/home/ubuntu/.rvm/gems/ruby-2.2.2/gems/activesupport-3.2.10/lib/active_support/values/time_zone.rb:270: warning: circular argument reference - now
/home/ubuntu/.rvm/gems/ruby-2.2.2/gems/bundler-1.14.6/lib/bundler/rubygems_integration.rb:361:in `block (2 levels) in replace_gem': Please install the mysql2 adapter: `gem install activerecord-mysql2-adapter` (can't activate mysql2 (~> 0.3.10), already activated mysql2-0.4.5. Make sure all dependencies are added to Gemfile.) (LoadError)
	from /home/ubuntu/.rvm/gems/ruby-2.2.2/gems/activerecord-3.2.10/lib/active_record/connection_adapters/mysql2_adapter.rb:3:in `<top (required)>'
	from /home/ubuntu/.rvm/gems/ruby-2.2.2/gems/activesupport-3.2.10/lib/active_support/dependencies.rb:251:in `require'
	from /home/ubuntu/.rvm/gems/ruby-2.2.2/gems/activesupport-3.2.10/lib/active_support/dependencies.rb:251:in `block in require'
	from /home/ubuntu/.rvm/gems/ruby-2.2.2/gems/activesupport-3.2.10/lib/active_support/dependencies.rb:236:in `load_dependency'
	from /home/ubuntu/.rvm/gems/ruby-2.2.2/gems/activesupport-3.2.10/lib/active_support/dependencies.rb:251:in `require'
	from /home/ubuntu/.rvm/gems/ruby-2.2.2/gems/activerecord-3.2.10/lib/active_record/connection_adapters/abstract/connection_specification.rb:50:in `resolve_hash_connection'
	from /home/ubuntu/.rvm/gems/ruby-2.2.2/gems/activerecord-3.2.10/lib/active_record/connection_adapters/abstract/connection_specification.rb:41:in `resolve_string_connection'
	from /home/ubuntu/.rvm/gems/ruby-2.2.2/gems/activerecord-3.2.10/lib/active_record/connection_adapters/abstract/connection_specification.rb:25:in `spec'
	from /home/ubuntu/.rvm/gems/ruby-2.2.2/gems/activerecord-3.2.10/lib/active_record/connection_adapters/abstract/connection_specification.rb:130:in `establish_connection'
	from /home/ubuntu/.rvm/gems/ruby-2.2.2/gems/activerecord-3.2.10/lib/active_record/railtie.rb:82:in `block (2 levels) in <class:Railtie>'
	from /home/ubuntu/.rvm/gems/ruby-2.2.2/gems/activesupport-3.2.10/lib/active_support/lazy_load_hooks.rb:36:in `instance_eval'
	from /home/ubuntu/.rvm/gems/ruby-2.2.2/gems/activesupport-3.2.10/lib/active_support/lazy_load_hooks.rb:36:in `execute_hook'
	from /home/ubuntu/.rvm/gems/ruby-2.2.2/gems/activesupport-3.2.10/lib/active_support/lazy_load_hooks.rb:26:in `block in on_load'
	from /home/ubuntu/.rvm/gems/ruby-2.2.2/gems/activesupport-3.2.10/lib/active_support/lazy_load_hooks.rb:25:in `each'
	from /home/ubuntu/.rvm/gems/ruby-2.2.2/gems/activesupport-3.2.10/lib/active_support/lazy_load_hooks.rb:25:in `on_load'
	from /home/ubuntu/.rvm/gems/ruby-2.2.2/gems/activerecord-3.2.10/lib/active_record/railtie.rb:74:in `block in <class:Railtie>'
	from /home/ubuntu/.rvm/gems/ruby-2.2.2/gems/railties-3.2.10/lib/rails/initializable.rb:30:in `instance_exec'
	from /home/ubuntu/.rvm/gems/ruby-2.2.2/gems/railties-3.2.10/lib/rails/initializable.rb:30:in `run'
	from /home/ubuntu/.rvm/gems/ruby-2.2.2/gems/railties-3.2.10/lib/rails/initializable.rb:55:in `block in run_initializers'
	from /home/ubuntu/.rvm/gems/ruby-2.2.2/gems/railties-3.2.10/lib/rails/initializable.rb:54:in `each'
	from /home/ubuntu/.rvm/gems/ruby-2.2.2/gems/railties-3.2.10/lib/rails/initializable.rb:54:in `run_initializers'
	from /home/ubuntu/.rvm/gems/ruby-2.2.2/gems/railties-3.2.10/lib/rails/application.rb:136:in `initialize!'
	from /home/ubuntu/.rvm/gems/ruby-2.2.2/gems/railties-3.2.10/lib/rails/railtie/configurable.rb:30:in `method_missing'
	from /home/ubuntu/cocolog/config/environment.rb:5:in `<top (required)>'
	from config.ru:4:in `require'
	from config.ru:4:in `block in <main>'
	from /home/ubuntu/.rvm/gems/ruby-2.2.2/gems/rack-1.4.7/lib/rack/builder.rb:51:in `instance_eval'
	from /home/ubuntu/.rvm/gems/ruby-2.2.2/gems/rack-1.4.7/lib/rack/builder.rb:51:in `initialize'
	from config.ru:1:in `new'
	from config.ru:1:in `<main>'
	from /home/ubuntu/.rvm/gems/ruby-2.2.2/gems/unicorn-5.2.0/lib/unicorn.rb:56:in `eval'
	from /home/ubuntu/.rvm/gems/ruby-2.2.2/gems/unicorn-5.2.0/lib/unicorn.rb:56:in `block in builder'
	from /home/ubuntu/.rvm/gems/ruby-2.2.2/gems/unicorn-5.2.0/lib/unicorn/http_server.rb:752:in `call'
	from /home/ubuntu/.rvm/gems/ruby-2.2.2/gems/unicorn-5.2.0/lib/unicorn/http_server.rb:752:in `build_app!'
	from /home/ubuntu/.rvm/gems/ruby-2.2.2/gems/unicorn-5.2.0/lib/unicorn/http_server.rb:129:in `start'
	from /home/ubuntu/.rvm/gems/ruby-2.2.2/gems/unicorn-5.2.0/bin/unicorn:126:in `<top (required)>'
	from /home/ubuntu/.rvm/gems/ruby-2.2.2/bin/unicorn:22:in `load'
	from /home/ubuntu/.rvm/gems/ruby-2.2.2/bin/unicorn:22:in `<main>'
	from /home/ubuntu/.rvm/gems/ruby-2.2.2/bin/ruby_executable_hooks:15:in `eval'
	from /home/ubuntu/.rvm/gems/ruby-2.2.2/bin/ruby_executable_hooks:15:in `<main>'
I, [2017-03-20T14:31:34.198346 #12769]  INFO -- : Refreshing Gem list
/home/ubuntu/.rvm/gems/ruby-2.2.2/gems/activesupport-3.2.10/lib/active_support/values/time_zone.rb:270: warning: circular argument reference - now
/home/ubuntu/.rvm/gems/ruby-2.2.2/gems/bundler-1.14.6/lib/bundler/rubygems_integration.rb:361:in `block (2 levels) in replace_gem': Please install the mysql2 adapter: `gem install activerecord-mysql2-adapter` (can't activate mysql2 (~> 0.3.10), already activated mysql2-0.4.5. Make sure all dependencies are added to Gemfile.) (LoadError)
	from /home/ubuntu/.rvm/gems/ruby-2.2.2/gems/activerecord-3.2.10/lib/active_record/connection_adapters/mysql2_adapter.rb:3:in `<top (required)>'
	from /home/ubuntu/.rvm/gems/ruby-2.2.2/gems/activesupport-3.2.10/lib/active_support/dependencies.rb:251:in `require'
	from /home/ubuntu/.rvm/gems/ruby-2.2.2/gems/activesupport-3.2.10/lib/active_support/dependencies.rb:251:in `block in require'
	from /home/ubuntu/.rvm/gems/ruby-2.2.2/gems/activesupport-3.2.10/lib/active_support/dependencies.rb:236:in `load_dependency'
	from /home/ubuntu/.rvm/gems/ruby-2.2.2/gems/activesupport-3.2.10/lib/active_support/dependencies.rb:251:in `require'
	from /home/ubuntu/.rvm/gems/ruby-2.2.2/gems/activerecord-3.2.10/lib/active_record/connection_adapters/abstract/connection_specification.rb:50:in `resolve_hash_connection'
	from /home/ubuntu/.rvm/gems/ruby-2.2.2/gems/activerecord-3.2.10/lib/active_record/connection_adapters/abstract/connection_specification.rb:41:in `resolve_string_connection'
	from /home/ubuntu/.rvm/gems/ruby-2.2.2/gems/activerecord-3.2.10/lib/active_record/connection_adapters/abstract/connection_specification.rb:25:in `spec'
	from /home/ubuntu/.rvm/gems/ruby-2.2.2/gems/activerecord-3.2.10/lib/active_record/connection_adapters/abstract/connection_specification.rb:130:in `establish_connection'
	from /home/ubuntu/.rvm/gems/ruby-2.2.2/gems/activerecord-3.2.10/lib/active_record/railtie.rb:82:in `block (2 levels) in <class:Railtie>'
	from /home/ubuntu/.rvm/gems/ruby-2.2.2/gems/activesupport-3.2.10/lib/active_support/lazy_load_hooks.rb:36:in `instance_eval'
	from /home/ubuntu/.rvm/gems/ruby-2.2.2/gems/activesupport-3.2.10/lib/active_support/lazy_load_hooks.rb:36:in `execute_hook'
	from /home/ubuntu/.rvm/gems/ruby-2.2.2/gems/activesupport-3.2.10/lib/active_support/lazy_load_hooks.rb:26:in `block in on_load'
	from /home/ubuntu/.rvm/gems/ruby-2.2.2/gems/activesupport-3.2.10/lib/active_support/lazy_load_hooks.rb:25:in `each'
	from /home/ubuntu/.rvm/gems/ruby-2.2.2/gems/activesupport-3.2.10/lib/active_support/lazy_load_hooks.rb:25:in `on_load'
	from /home/ubuntu/.rvm/gems/ruby-2.2.2/gems/activerecord-3.2.10/lib/active_record/railtie.rb:74:in `block in <class:Railtie>'
	from /home/ubuntu/.rvm/gems/ruby-2.2.2/gems/railties-3.2.10/lib/rails/initializable.rb:30:in `instance_exec'
	from /home/ubuntu/.rvm/gems/ruby-2.2.2/gems/railties-3.2.10/lib/rails/initializable.rb:30:in `run'
	from /home/ubuntu/.rvm/gems/ruby-2.2.2/gems/railties-3.2.10/lib/rails/initializable.rb:55:in `block in run_initializers'
	from /home/ubuntu/.rvm/gems/ruby-2.2.2/gems/railties-3.2.10/lib/rails/initializable.rb:54:in `each'
	from /home/ubuntu/.rvm/gems/ruby-2.2.2/gems/railties-3.2.10/lib/rails/initializable.rb:54:in `run_initializers'
	from /home/ubuntu/.rvm/gems/ruby-2.2.2/gems/railties-3.2.10/lib/rails/application.rb:136:in `initialize!'
	from /home/ubuntu/.rvm/gems/ruby-2.2.2/gems/railties-3.2.10/lib/rails/railtie/configurable.rb:30:in `method_missing'
	from /home/ubuntu/cocolog/config/environment.rb:5:in `<top (required)>'
	from config.ru:4:in `require'
	from config.ru:4:in `block in <main>'
	from /home/ubuntu/.rvm/gems/ruby-2.2.2/gems/rack-1.4.7/lib/rack/builder.rb:51:in `instance_eval'
	from /home/ubuntu/.rvm/gems/ruby-2.2.2/gems/rack-1.4.7/lib/rack/builder.rb:51:in `initialize'
	from config.ru:1:in `new'
	from config.ru:1:in `<main>'
	from /home/ubuntu/.rvm/gems/ruby-2.2.2/gems/unicorn-5.2.0/lib/unicorn.rb:56:in `eval'
	from /home/ubuntu/.rvm/gems/ruby-2.2.2/gems/unicorn-5.2.0/lib/unicorn.rb:56:in `block in builder'
	from /home/ubuntu/.rvm/gems/ruby-2.2.2/gems/unicorn-5.2.0/lib/unicorn/http_server.rb:752:in `call'
	from /home/ubuntu/.rvm/gems/ruby-2.2.2/gems/unicorn-5.2.0/lib/unicorn/http_server.rb:752:in `build_app!'
	from /home/ubuntu/.rvm/gems/ruby-2.2.2/gems/unicorn-5.2.0/lib/unicorn/http_server.rb:129:in `start'
	from /home/ubuntu/.rvm/gems/ruby-2.2.2/gems/unicorn-5.2.0/bin/unicorn:126:in `<top (required)>'
	from /home/ubuntu/.rvm/gems/ruby-2.2.2/bin/unicorn:22:in `load'
	from /home/ubuntu/.rvm/gems/ruby-2.2.2/bin/unicorn:22:in `<main>'
	from /home/ubuntu/.rvm/gems/ruby-2.2.2/bin/ruby_executable_hooks:15:in `eval'
	from /home/ubuntu/.rvm/gems/ruby-2.2.2/bin/ruby_executable_hooks:15:in `<main>'
